  Activating project at `~/ExplainMill.jl/myscripts`
┌ Warning: filesystem time skew detected
│   path = "/home/veresond/.julia/logs/manifest_usage.toml.pid"
└ @ FileWatching.Pidfile /mnt/appl_common/software/Julia/1.9.3-linux-x86_64/share/julia/stdlib/v1.9/FileWatching/src/pidfile.jl:171
┌ Warning: filesystem time skew detected
│   path = "/home/veresond/.julia/logs/manifest_usage.toml.pid"
└ @ FileWatching.Pidfile /mnt/appl_common/software/Julia/1.9.3-linux-x86_64/share/julia/stdlib/v1.9/FileWatching/src/pidfile.jl:171
[ Info: accuracy on concepts = 1.0 on samples = 0.5231
[ Info: accuracy on concepts = 1.0 on samples = 0.97125
[ Info: accuracy on concepts = 1.0 on samples = 0.6453
[ Info: accuracy on concepts = 1.0 on samples = 0.5904
[ Info: accuracy on concepts = 1.0 on samples = 0.99935
[ Info: accuracy on concepts = 1.0 on samples = 0.9986
[ Info: accuracy on concepts = 1.0 on samples = 0.813
[ Info: accuracy on concepts = 1.0 on samples = 1.0
[ Info: accuracy on concepts = 1.0 on samples = 0.8016
[ Info: accuracy on concepts = 0.0 on samples = 0.9875
[ Info: accuracy on concepts = 0.0 on samples = 0.6647
[ Info: accuracy on concepts = 0.0 on samples = 0.6887
[ Info: accuracy on concepts = 1.0 on samples = 0.89795
[ Info: accuracy on concepts = 1.0 on samples = 0.8872
[ Info: accuracy on concepts = 1.0 on samples = 0.89085
[ Info: accuracy on concepts = 1.0 on samples = 0.9875
[ Info: accuracy on concepts = 1.0 on samples = 0.7542
[ Info: accuracy on concepts = 0.0 on samples = 0.29245
[ Info: accuracy on concepts = 0.0 on samples = 0.94005
[ Info: accuracy on concepts = 0.0 on samples = 0.48395
[ Info: accuracy on concepts = 0.0 on samples = 0.6332
[ Info: accuracy on concepts = 1.0 on samples = 0.7869
[ Info: accuracy on concepts = 1.0 on samples = 1.0
[ Info: accuracy on concepts = 0.0 on samples = 0.9882
[ Info: accuracy on concepts = 0.0 on samples = 0.95925
[ Info: accuracy on concepts = 0.0 on samples = 0.9696
[ Info: accuracy on concepts = 0.0 on samples = 0.97785
[ Info: accuracy on concepts = 1.0 on samples = 0.72645
[ Info: accuracy on concepts = 1.0 on samples = 0.4583
[ Info: accuracy on concepts = 1.0 on samples = 0.9712
[ Info: accuracy on concepts = 1.0 on samples = 0.97555
[ Info: accuracy on concepts = 0.0 on samples = 0.88305
[ Info: accuracy on concepts = 1.0 on samples = 1.0
[ Info: accuracy on concepts = 0.0 on samples = 0.68085
[ Info: accuracy on concepts = 0.0 on samples = 0.50135
[ Info: accuracy on concepts = 1.0 on samples = 0.59255
[ Info: accuracy on concepts = 1.0 on samples = 0.93105
[ Info: accuracy on concepts = 1.0 on samples = 1.0
[ Info: accuracy on concepts = 0.0 on samples = 0.8563
[ Info: accuracy on concepts = 1.0 on samples = 0.7208
[ Info: accuracy on concepts = 1.0 on samples = 0.50485
[ Info: accuracy on concepts = 1.0 on samples = 0.5924
[ Info: accuracy on concepts = 1.0 on samples = 0.9997
[ Info: accuracy on concepts = 1.0 on samples = 0.98285
[ Info: accuracy on concepts = 1.0 on samples = 1.0
[ Info: accuracy on concepts = 1.0 on samples = 0.80655
[ Info: accuracy on concepts = 1.0 on samples = 0.99895
[ Info: accuracy on concepts = 0.0 on samples = 0.602
[ Info: accuracy on concepts = 1.0 on samples = 0.86855
[ Info: accuracy on concepts = 1.0 on samples = 0.55105
[ Info: accuracy on concepts = 1.0 on samples = 0.8244
[ Info: accuracy on concepts = 1.0 on samples = 1.0
[ Info: accuracy on concepts = 1.0 on samples = 0.7462
[ Info: accuracy on concepts = 1.0 on samples = 0.9941
[ Info: accuracy on concepts = 1.0 on samples = 0.8607
[ Info: accuracy on concepts = 1.0 on samples = 0.9033
[ Info: accuracy on concepts = 0.0 on samples = 0.9941
[ Info: accuracy on concepts = 0.0 on samples = 0.76085
[ Info: accuracy on concepts = 1.0 on samples = 1.0
[ Info: accuracy on concepts = 1.0 on samples = 0.9722
[ Info: accuracy on concepts = 1.0 on samples = 0.89955
[ Info: accuracy on concepts = 1.0 on samples = 0.79415
[ Info: accuracy on concepts = 1.0 on samples = 0.5189
[ Info: accuracy on concepts = 0.0 on samples = 0.94785
[ Info: accuracy on concepts = 0.0 on samples = 0.80065
[ Info: accuracy on concepts = 0.0 on samples = 0.7705
[ Info: accuracy on concepts = 1.0 on samples = 0.6494
[ Info: accuracy on concepts = 1.0 on samples = 0.99975
[ Info: accuracy on concepts = 1.0 on samples = 0.50275
[ Info: accuracy on concepts = 1.0 on samples = 0.96855
[ Info: accuracy on concepts = 0.0 on samples = 1.0
[ Info: accuracy on concepts = 1.0 on samples = 0.8489
[ Info: accuracy on concepts = 0.0 on samples = 0.58925
[ Info: accuracy on concepts = 0.0 on samples = 0.50005
[ Info: accuracy on concepts = 1.0 on samples = 0.5
[ Info: accuracy on concepts = 1.0 on samples = 0.5048
[ Info: accuracy on concepts = 1.0 on samples = 0.5009
[ Info: accuracy on concepts = 1.0 on samples = 0.72035
[ Info: accuracy on concepts = 1.0 on samples = 0.96015
[ Info: accuracy on concepts = 1.0 on samples = 0.9994
[ Info: accuracy on concepts = 1.0 on samples = 1.0
[ Info: accuracy on concepts = 1.0 on samples = 0.9947
[ Info: accuracy on concepts = 1.0 on samples = 0.9989
[ Info: accuracy on concepts = 1.0 on samples = 0.78545
[ Info: accuracy on concepts = 0.0 on samples = 0.73645
[ Info: accuracy on concepts = 1.0 on samples = 0.97275
[ Info: accuracy on concepts = 0.0 on samples = 0.64645
[ Info: accuracy on concepts = 0.0 on samples = 0.7095
[ Info: accuracy on concepts = 1.0 on samples = 0.49485
[ Info: accuracy on concepts = 1.0 on samples = 0.9359
[ Info: accuracy on concepts = 1.0 on samples = 0.7572
[ Info: accuracy on concepts = 1.0 on samples = 0.94035
[ Info: accuracy on concepts = 1.0 on samples = 1.0
[ Info: accuracy on concepts = 1.0 on samples = 0.78635
[ Info: accuracy on concepts = 1.0 on samples = 0.99635
[ Info: accuracy on concepts = 1.0 on samples = 0.7284
[ Info: accuracy on concepts = 1.0 on samples = 0.85095
[ Info: accuracy on concepts = 1.0 on samples = 1.0
[ Info: accuracy on concepts = 1.0 on samples = 0.61845
[ Info: accuracy on concepts = 0.0 on samples = 0.9989
[ Info: minimum gap on concepts = 0.6324222 on samples = 0.21504635
ERROR: LoadError: MethodError: no method matching typename(GnnExplainer){…}(::typename(Float32){…}, ::typename(Float32){…})

Closest candidates are:
  typename(GnnExplainer){…}(::typename(Any){…}, ::typename(Any){…}, !Matched::typename(Any){…})
   @ ExplainMill ~/ExplainMill.jl/src/heuristics/gnn_explainer.jl:2
  typename(GnnExplainer){…}(!Matched::typename(Int64){…}, ::typename(Float32){…}, !Matched::typename(Float32){…})
   @ ExplainMill ~/ExplainMill.jl/src/heuristics/gnn_explainer.jl:2

Stacktrace:
 [1] getexplainer(name::typename(String){…})
   @ Main ~/ExplainMill.jl/myscripts/datasets/artificial.jl:178
 [2] top-level scope
   @ ~/ExplainMill.jl/myscripts/datasets/artificial.jl:188
in expression starting at /home/veresond/ExplainMill.jl/myscripts/datasets/artificial.jl:187
start
resultsdir() = ../../data/sims/mutagenesis/one_of_1_1trees/12
trained: minimum gap on concepts = 0.024554491 on empty sample = -0.023590088
trained: minimum gap on concepts = 0.111439854 on empty sample = -0.07393038
trained: minimum gap on concepts = 0.044668406 on empty sample = -0.01905486
trained: minimum gap on concepts = 0.040774852 on empty sample = -0.034012914
trained: minimum gap on concepts = 0.1707103 on empty sample = 0.0594922
trained: minimum gap on concepts = 0.059910327 on empty sample = -0.0043002665
trained: minimum gap on concepts = 0.012656361 on empty sample = -0.015206337
trained: minimum gap on concepts = 0.17916024 on empty sample = -0.021824896
trained: minimum gap on concepts = 0.0077332556 on empty sample = -0.06391406
trained: minimum gap on concepts = -0.0044505 on empty sample = 0.037075073
trained: minimum gap on concepts = -0.050975263 on empty sample = 0.04893768
trained: minimum gap on concepts = -0.0037837923 on empty sample = 0.0140554905
trained: minimum gap on concepts = 0.04530558 on empty sample = -0.031300306
trained: minimum gap on concepts = 0.04698038 on empty sample = 0.026571512
trained: minimum gap on concepts = 0.17829219 on empty sample = -0.111116976
trained: minimum gap on concepts = 0.052949578 on empty sample = -0.026222289
trained: minimum gap on concepts = 0.06725073 on empty sample = -0.030002207
trained: minimum gap on concepts = -0.11749983 on empty sample = 0.049592853
trained: minimum gap on concepts = -0.07189706 on empty sample = 0.10277191
trained: minimum gap on concepts = -0.11220765 on empty sample = 0.065335006
trained: minimum gap on concepts = -0.023273647 on empty sample = 0.009195477
trained: minimum gap on concepts = 0.15389839 on empty sample = 0.05463651
trained: minimum gap on concepts = 0.7423351 on empty sample = -0.0055196583
trained: minimum gap on concepts = -0.031381696 on empty sample = -0.013572782
trained: minimum gap on concepts = -0.030459791 on empty sample = 0.06177506
trained: minimum gap on concepts = -0.07144347 on empty sample = 0.13527784
trained: minimum gap on concepts = -0.03485194 on empty sample = 0.057527184
trained: minimum gap on concepts = 0.08280882 on empty sample = -0.013344258
trained: minimum gap on concepts = 0.02976346 on empty sample = -0.061730117
trained: minimum gap on concepts = 0.029064894 on empty sample = 0.033922225
trained: minimum gap on concepts = 0.41307393 on empty sample = -0.14842513
trained: minimum gap on concepts = -0.13442945 on empty sample = 0.03156805
trained: minimum gap on concepts = 0.5998119 on empty sample = -0.12968466
trained: minimum gap on concepts = -0.013858169 on empty sample = 0.070975155
trained: minimum gap on concepts = -0.015895605 on empty sample = 0.015895605
trained: minimum gap on concepts = 0.03070116 on empty sample = -0.0140374005
trained: minimum gap on concepts = 0.0716207 on empty sample = -0.073040634
trained: minimum gap on concepts = 0.19503027 on empty sample = 0.10468286
trained: minimum gap on concepts = -0.058739424 on empty sample = 0.03449568
trained: minimum gap on concepts = 0.49402282 on empty sample = 0.018498987
trained: minimum gap on concepts = 0.012357831 on empty sample = -0.012357831
trained: minimum gap on concepts = 0.045537084 on empty sample = 0.065134406
trained: minimum gap on concepts = 0.26133364 on empty sample = 0.073530674
trained: minimum gap on concepts = 0.30286878 on empty sample = -0.09712973
trained: minimum gap on concepts = 0.09642112 on empty sample = 0.032314748
trained: minimum gap on concepts = 0.03834337 on empty sample = -0.03454843
trained: minimum gap on concepts = 0.5667976 on empty sample = -0.13030207
trained: minimum gap on concepts = -0.02373758 on empty sample = 0.01928556
trained: minimum gap on concepts = 0.028083533 on empty sample = 0.0335432
trained: minimum gap on concepts = 0.005348921 on empty sample = 0.0072084963
trained: minimum gap on concepts = 0.30968463 on empty sample = 0.02552718
trained: minimum gap on concepts = 0.18449068 on empty sample = 0.0068872273
trained: minimum gap on concepts = 0.041172326 on empty sample = -0.031004667
trained: minimum gap on concepts = 0.05580336 on empty sample = -0.0055272877
trained: minimum gap on concepts = 0.06990808 on empty sample = -0.057146937
trained: minimum gap on concepts = 0.10729551 on empty sample = -0.09838647
trained: minimum gap on concepts = -0.019616753 on empty sample = -0.019270152
trained: minimum gap on concepts = -0.02025485 on empty sample = -0.06777504
trained: minimum gap on concepts = 0.19247583 on empty sample = -0.08770999
trained: minimum gap on concepts = 0.055128127 on empty sample = 0.0124794245
trained: minimum gap on concepts = 0.08010885 on empty sample = -0.068887025
trained: minimum gap on concepts = 0.15623567 on empty sample = 0.001827091
trained: minimum gap on concepts = 0.07484868 on empty sample = 0.049109608
trained: minimum gap on concepts = -0.0225434 on empty sample = 0.05414799
trained: minimum gap on concepts = -0.01983121 on empty sample = 0.0369395
trained: minimum gap on concepts = -0.018398315 on empty sample = -0.046978325
trained: minimum gap on concepts = 0.061496288 on empty sample = -0.00070247054
trained: minimum gap on concepts = 0.20768964 on empty sample = 0.0060441494
trained: minimum gap on concepts = 0.069821835 on empty sample = -0.052675933
trained: minimum gap on concepts = 0.08560476 on empty sample = -0.005151868
trained: minimum gap on concepts = -0.0070744455 on empty sample = 0.010348439
trained: minimum gap on concepts = 0.16931444 on empty sample = -0.022516876
trained: minimum gap on concepts = -0.04590684 on empty sample = 0.004040897
trained: minimum gap on concepts = -0.025191694 on empty sample = -0.005819738
trained: minimum gap on concepts = 0.08188209 on empty sample = -0.003319174
trained: minimum gap on concepts = 0.013053566 on empty sample = 0.059073806
trained: minimum gap on concepts = 0.15527469 on empty sample = -0.0028407574
trained: minimum gap on concepts = 0.014408052 on empty sample = -0.063969284
trained: minimum gap on concepts = 0.16351125 on empty sample = -0.09633148
trained: minimum gap on concepts = 0.31555793 on empty sample = -0.008390516
trained: minimum gap on concepts = 0.313352 on empty sample = -0.056031615
trained: minimum gap on concepts = 0.23613766 on empty sample = 0.07988766
trained: minimum gap on concepts = 0.21338615 on empty sample = 0.035817176
trained: minimum gap on concepts = 0.02813679 on empty sample = -0.010577917
trained: minimum gap on concepts = -0.097827554 on empty sample = -0.07994351
trained: minimum gap on concepts = 0.060787916 on empty sample = 0.08175996
trained: minimum gap on concepts = -0.056999683 on empty sample = -0.018991321
trained: minimum gap on concepts = -0.04664603 on empty sample = 0.04664603
trained: minimum gap on concepts = 0.09925252 on empty sample = -0.014669895
trained: minimum gap on concepts = 0.18177384 on empty sample = -0.0707961
trained: minimum gap on concepts = 0.051727414 on empty sample = -0.05172497
trained: minimum gap on concepts = 0.25657436 on empty sample = 0.013264358
trained: minimum gap on concepts = 0.034659147 on empty sample = -0.053020358
trained: minimum gap on concepts = 0.20336634 on empty sample = -0.051948667
trained: minimum gap on concepts = 0.22833353 on empty sample = 0.048837304
trained: minimum gap on concepts = 0.029982597 on empty sample = -0.051907867
trained: minimum gap on concepts = 0.6324222 on empty sample = 0.047114015
trained: minimum gap on concepts = 0.24255058 on empty sample = 0.08802295
trained: minimum gap on concepts = 0.03407213 on empty sample = 0.017287254
trained: minimum gap on concepts = -0.023600519 on empty sample = -0.02138123
